2023-12-07 00:20:19 INFO Could not detect default configuration classes for test class [com.mbxvoid.common.CommonApplicationTests]: CommonApplicationTests does not declare any static, non-private, non-final, nested classes annotated with @Configuration.
2023-12-07 00:20:19 INFO Found @SpringBootConfiguration com.mbxvoid.CommonApplication for test class com.mbxvoid.common.CommonApplicationTests
2023-12-07 00:20:19 INFO Starting CommonApplicationTests using Java 19.0.2 with PID 60781 (started by ikyoungtae in /Users/ikyoungtae/git/spring-boot-mbxvoid-admin)
2023-12-07 00:20:19 INFO No active profile set, falling back to 1 default profile: "default"
2023-12-07 00:20:20 INFO Bootstrapping Spring Data JPA repositories in DEFAULT mode.
2023-12-07 00:20:20 INFO Finished Spring Data repository scanning in 21 ms. Found 3 JPA repository interfaces.
2023-12-07 00:20:20 INFO HHH000204: Processing PersistenceUnitInfo [name: default]
2023-12-07 00:20:20 INFO HHH000412: Hibernate ORM core version 6.3.1.Final
2023-12-07 00:20:20 INFO HHH000026: Second-level cache disabled
2023-12-07 00:20:20 INFO No LoadTimeWeaver setup: ignoring JPA class transformer
2023-12-07 00:20:20 INFO HikariPool-1 - Starting...
2023-12-07 00:20:20 INFO HikariPool-1 - Added connection com.mysql.cj.jdbc.ConnectionImpl@5c0e2ec
2023-12-07 00:20:20 INFO HikariPool-1 - Start completed.
2023-12-07 00:20:20 WARN HHH000339: Could not obtain connection metadata: java.sql.SQLSyntaxErrorException: Unknown column 'RESERVED' in 'where clause'
2023-12-07 00:20:20 WARN HHH90000025: MySQL8Dialect does not need to be specified explicitly using 'hibernate.dialect' (remove the property setting and it will be selected by default)
2023-12-07 00:20:20 WARN HHH90000026: MySQL8Dialect has been deprecated; use org.hibernate.dialect.MySQLDialect instead
2023-12-07 00:20:21 INFO HHH000489: No JTA platform available (set 'hibernate.transaction.jta.platform' to enable JTA platform integration)
2023-12-07 00:20:21 INFO Initialized JPA EntityManagerFactory for persistence unit 'default'
2023-12-07 00:20:21 INFO Hibernate is in classpath; If applicable, HQL parser will be used.
2023-12-07 00:20:21 WARN spring.jpa.open-in-view is enabled by default. Therefore, database queries may be performed during view rendering. Explicitly configure spring.jpa.open-in-view to disable this warning
2023-12-07 00:20:21 INFO Started CommonApplicationTests in 1.91 seconds (process running for 2.423)
2023-12-07 00:20:22 INFO Closing JPA EntityManagerFactory for persistence unit 'default'
2023-12-07 00:20:22 INFO HikariPool-1 - Shutdown initiated...
2023-12-07 00:20:22 INFO HikariPool-1 - Shutdown completed.
2023-12-07 00:25:37 INFO Could not detect default configuration classes for test class [com.mbxvoid.common.CommonApplicationTests]: CommonApplicationTests does not declare any static, non-private, non-final, nested classes annotated with @Configuration.
2023-12-07 00:25:37 INFO Found @SpringBootConfiguration com.mbxvoid.CommonApplication for test class com.mbxvoid.common.CommonApplicationTests
2023-12-07 00:25:37 INFO Starting CommonApplicationTests using Java 19.0.2 with PID 62338 (started by ikyoungtae in /Users/ikyoungtae/git/spring-boot-mbxvoid-admin)
2023-12-07 00:25:37 INFO No active profile set, falling back to 1 default profile: "default"
2023-12-07 00:25:38 INFO Bootstrapping Spring Data JPA repositories in DEFAULT mode.
2023-12-07 00:25:38 INFO Finished Spring Data repository scanning in 21 ms. Found 3 JPA repository interfaces.
2023-12-07 00:25:38 INFO HHH000204: Processing PersistenceUnitInfo [name: default]
2023-12-07 00:25:38 INFO HHH000412: Hibernate ORM core version 6.3.1.Final
2023-12-07 00:25:38 INFO HHH000026: Second-level cache disabled
2023-12-07 00:25:38 INFO No LoadTimeWeaver setup: ignoring JPA class transformer
2023-12-07 00:25:38 INFO HikariPool-1 - Starting...
2023-12-07 00:25:38 INFO HikariPool-1 - Added connection com.mysql.cj.jdbc.ConnectionImpl@6e364f1f
2023-12-07 00:25:38 INFO HikariPool-1 - Start completed.
2023-12-07 00:25:38 WARN HHH000339: Could not obtain connection metadata: java.sql.SQLSyntaxErrorException: Unknown column 'RESERVED' in 'where clause'
2023-12-07 00:25:38 WARN HHH90000025: MySQL8Dialect does not need to be specified explicitly using 'hibernate.dialect' (remove the property setting and it will be selected by default)
2023-12-07 00:25:38 WARN HHH90000026: MySQL8Dialect has been deprecated; use org.hibernate.dialect.MySQLDialect instead
2023-12-07 00:25:39 INFO HHH000489: No JTA platform available (set 'hibernate.transaction.jta.platform' to enable JTA platform integration)
2023-12-07 00:25:39 INFO Initialized JPA EntityManagerFactory for persistence unit 'default'
2023-12-07 00:25:39 INFO Hibernate is in classpath; If applicable, HQL parser will be used.
2023-12-07 00:25:39 WARN spring.jpa.open-in-view is enabled by default. Therefore, database queries may be performed during view rendering. Explicitly configure spring.jpa.open-in-view to disable this warning
2023-12-07 00:25:39 INFO Started CommonApplicationTests in 1.716 seconds (process running for 2.338)
2023-12-07 00:25:39 INFO Closing JPA EntityManagerFactory for persistence unit 'default'
2023-12-07 00:25:39 INFO HikariPool-1 - Shutdown initiated...
2023-12-07 00:25:39 INFO HikariPool-1 - Shutdown completed.
2023-12-07 00:27:38 INFO Could not detect default configuration classes for test class [com.mbxvoid.common.CommonApplicationTests]: CommonApplicationTests does not declare any static, non-private, non-final, nested classes annotated with @Configuration.
2023-12-07 00:27:38 INFO Found @SpringBootConfiguration com.mbxvoid.CommonApplication for test class com.mbxvoid.common.CommonApplicationTests
2023-12-07 00:27:38 INFO Starting CommonApplicationTests using Java 19.0.2 with PID 63017 (started by ikyoungtae in /Users/ikyoungtae/git/spring-boot-mbxvoid-admin)
2023-12-07 00:27:38 INFO No active profile set, falling back to 1 default profile: "default"
2023-12-07 00:27:38 INFO Bootstrapping Spring Data JPA repositories in DEFAULT mode.
2023-12-07 00:27:38 INFO Finished Spring Data repository scanning in 24 ms. Found 3 JPA repository interfaces.
2023-12-07 00:27:38 INFO HHH000204: Processing PersistenceUnitInfo [name: default]
2023-12-07 00:27:38 INFO HHH000412: Hibernate ORM core version 6.3.1.Final
2023-12-07 00:27:38 INFO HHH000026: Second-level cache disabled
2023-12-07 00:27:39 INFO No LoadTimeWeaver setup: ignoring JPA class transformer
2023-12-07 00:27:39 INFO HikariPool-1 - Starting...
2023-12-07 00:27:39 INFO HikariPool-1 - Added connection com.mysql.cj.jdbc.ConnectionImpl@4fa8bebb
2023-12-07 00:27:39 INFO HikariPool-1 - Start completed.
2023-12-07 00:27:39 WARN HHH000339: Could not obtain connection metadata: java.sql.SQLSyntaxErrorException: Unknown column 'RESERVED' in 'where clause'
2023-12-07 00:27:39 WARN HHH90000025: MySQL8Dialect does not need to be specified explicitly using 'hibernate.dialect' (remove the property setting and it will be selected by default)
2023-12-07 00:27:39 WARN HHH90000026: MySQL8Dialect has been deprecated; use org.hibernate.dialect.MySQLDialect instead
2023-12-07 00:27:39 INFO HHH000489: No JTA platform available (set 'hibernate.transaction.jta.platform' to enable JTA platform integration)
2023-12-07 00:27:39 INFO Initialized JPA EntityManagerFactory for persistence unit 'default'
2023-12-07 00:27:39 INFO Hibernate is in classpath; If applicable, HQL parser will be used.
2023-12-07 00:27:39 WARN spring.jpa.open-in-view is enabled by default. Therefore, database queries may be performed during view rendering. Explicitly configure spring.jpa.open-in-view to disable this warning
2023-12-07 00:27:40 INFO Started CommonApplicationTests in 1.704 seconds (process running for 2.216)
2023-12-07 00:27:40 INFO Closing JPA EntityManagerFactory for persistence unit 'default'
2023-12-07 00:27:40 INFO HikariPool-1 - Shutdown initiated...
2023-12-07 00:27:40 INFO HikariPool-1 - Shutdown completed.
2023-12-07 00:31:47 INFO Could not detect default configuration classes for test class [com.mbxvoid.common.CommonApplicationTests]: CommonApplicationTests does not declare any static, non-private, non-final, nested classes annotated with @Configuration.
2023-12-07 00:31:47 INFO Found @SpringBootConfiguration com.mbxvoid.CommonApplication for test class com.mbxvoid.common.CommonApplicationTests
2023-12-07 00:31:47 INFO Starting CommonApplicationTests using Java 19.0.2 with PID 64270 (started by ikyoungtae in /Users/ikyoungtae/git/spring-boot-mbxvoid-admin)
2023-12-07 00:31:47 INFO No active profile set, falling back to 1 default profile: "default"
2023-12-07 00:31:47 INFO Bootstrapping Spring Data JPA repositories in DEFAULT mode.
2023-12-07 00:31:47 INFO Finished Spring Data repository scanning in 23 ms. Found 3 JPA repository interfaces.
2023-12-07 00:31:47 INFO HHH000204: Processing PersistenceUnitInfo [name: default]
2023-12-07 00:31:47 INFO HHH000412: Hibernate ORM core version 6.3.1.Final
2023-12-07 00:31:47 INFO HHH000026: Second-level cache disabled
2023-12-07 00:31:48 INFO No LoadTimeWeaver setup: ignoring JPA class transformer
2023-12-07 00:31:48 INFO HikariPool-1 - Starting...
2023-12-07 00:31:48 INFO HikariPool-1 - Added connection com.mysql.cj.jdbc.ConnectionImpl@5c0e2ec
2023-12-07 00:31:48 INFO HikariPool-1 - Start completed.
2023-12-07 00:31:48 WARN HHH000339: Could not obtain connection metadata: java.sql.SQLSyntaxErrorException: Unknown column 'RESERVED' in 'where clause'
2023-12-07 00:31:48 WARN HHH90000025: MySQL8Dialect does not need to be specified explicitly using 'hibernate.dialect' (remove the property setting and it will be selected by default)
2023-12-07 00:31:48 WARN HHH90000026: MySQL8Dialect has been deprecated; use org.hibernate.dialect.MySQLDialect instead
2023-12-07 00:31:48 INFO HHH000489: No JTA platform available (set 'hibernate.transaction.jta.platform' to enable JTA platform integration)
2023-12-07 00:31:48 INFO Initialized JPA EntityManagerFactory for persistence unit 'default'
2023-12-07 00:31:48 INFO Hibernate is in classpath; If applicable, HQL parser will be used.
2023-12-07 00:31:49 WARN spring.jpa.open-in-view is enabled by default. Therefore, database queries may be performed during view rendering. Explicitly configure spring.jpa.open-in-view to disable this warning
2023-12-07 00:31:49 INFO Started CommonApplicationTests in 1.903 seconds (process running for 2.558)
2023-12-07 00:31:49 INFO Closing JPA EntityManagerFactory for persistence unit 'default'
2023-12-07 00:31:49 INFO HikariPool-1 - Shutdown initiated...
2023-12-07 00:31:49 INFO HikariPool-1 - Shutdown completed.
2023-12-07 00:44:07 INFO Starting CommonApplication using Java 19.0.2 with PID 67625 (/Users/ikyoungtae/git/spring-boot-mbxvoid-admin/target/classes started by ikyoungtae in /Users/ikyoungtae/git/spring-boot-mbxvoid-admin)
2023-12-07 00:44:07 INFO No active profile set, falling back to 1 default profile: "default"
2023-12-07 00:44:08 INFO Bootstrapping Spring Data JPA repositories in DEFAULT mode.
2023-12-07 00:44:08 INFO Finished Spring Data repository scanning in 26 ms. Found 3 JPA repository interfaces.
2023-12-07 00:44:08 INFO Tomcat initialized with port 8080 (http)
2023-12-07 00:44:08 INFO Initializing ProtocolHandler ["http-nio-8080"]
2023-12-07 00:44:08 INFO Starting service [Tomcat]
2023-12-07 00:44:08 INFO Starting Servlet engine: [Apache Tomcat/10.1.16]
2023-12-07 00:44:08 INFO At least one JAR was scanned for TLDs yet contained no TLDs. Enable debug logging for this logger for a complete list of JARs that were scanned but no TLDs were found in them. Skipping unneeded JARs during scanning can improve startup time and JSP compilation time.
2023-12-07 00:44:08 INFO Initializing Spring embedded WebApplicationContext
2023-12-07 00:44:08 INFO Root WebApplicationContext: initialization completed in 556 ms
2023-12-07 00:44:08 INFO HHH000204: Processing PersistenceUnitInfo [name: default]
2023-12-07 00:44:08 INFO HHH000412: Hibernate ORM core version 6.3.1.Final
2023-12-07 00:44:08 INFO HHH000026: Second-level cache disabled
2023-12-07 00:44:08 INFO No LoadTimeWeaver setup: ignoring JPA class transformer
2023-12-07 00:44:08 INFO HikariPool-1 - Starting...
2023-12-07 00:44:08 INFO HikariPool-1 - Added connection com.mysql.cj.jdbc.ConnectionImpl@3dd2b9c1
2023-12-07 00:44:08 INFO HikariPool-1 - Start completed.
2023-12-07 00:44:08 WARN HHH000339: Could not obtain connection metadata: java.sql.SQLSyntaxErrorException: Unknown column 'RESERVED' in 'where clause'
2023-12-07 00:44:08 WARN HHH90000025: MySQL8Dialect does not need to be specified explicitly using 'hibernate.dialect' (remove the property setting and it will be selected by default)
2023-12-07 00:44:08 WARN HHH90000026: MySQL8Dialect has been deprecated; use org.hibernate.dialect.MySQLDialect instead
2023-12-07 00:44:09 INFO HHH000489: No JTA platform available (set 'hibernate.transaction.jta.platform' to enable JTA platform integration)
2023-12-07 00:44:09 INFO Initialized JPA EntityManagerFactory for persistence unit 'default'
2023-12-07 00:44:09 INFO Hibernate is in classpath; If applicable, HQL parser will be used.
2023-12-07 00:44:09 WARN spring.jpa.open-in-view is enabled by default. Therefore, database queries may be performed during view rendering. Explicitly configure spring.jpa.open-in-view to disable this warning
2023-12-07 00:44:09 INFO Starting ProtocolHandler ["http-nio-8080"]
2023-12-07 00:44:09 INFO Tomcat started on port 8080 (http) with context path ''
2023-12-07 00:44:09 INFO Started CommonApplication in 1.852 seconds (process running for 2.185)
2023-12-07 00:44:19 INFO Initializing Spring DispatcherServlet 'dispatcherServlet'
2023-12-07 00:44:19 INFO Initializing Servlet 'dispatcherServlet'
2023-12-07 00:44:19 INFO Completed initialization in 1 ms
2023-12-07 00:45:07 INFO Closing JPA EntityManagerFactory for persistence unit 'default'
2023-12-07 00:45:07 INFO HikariPool-1 - Shutdown initiated...
2023-12-07 00:45:07 INFO HikariPool-1 - Shutdown completed.
2023-12-07 00:45:09 INFO Starting CommonApplication using Java 19.0.2 with PID 67885 (/Users/ikyoungtae/git/spring-boot-mbxvoid-admin/target/classes started by ikyoungtae in /Users/ikyoungtae/git/spring-boot-mbxvoid-admin)
2023-12-07 00:45:09 INFO No active profile set, falling back to 1 default profile: "default"
2023-12-07 00:45:09 INFO Bootstrapping Spring Data JPA repositories in DEFAULT mode.
2023-12-07 00:45:09 INFO Finished Spring Data repository scanning in 23 ms. Found 3 JPA repository interfaces.
2023-12-07 00:45:10 INFO Tomcat initialized with port 8080 (http)
2023-12-07 00:45:10 INFO Initializing ProtocolHandler ["http-nio-8080"]
2023-12-07 00:45:10 INFO Starting service [Tomcat]
2023-12-07 00:45:10 INFO Starting Servlet engine: [Apache Tomcat/10.1.16]
2023-12-07 00:45:10 INFO At least one JAR was scanned for TLDs yet contained no TLDs. Enable debug logging for this logger for a complete list of JARs that were scanned but no TLDs were found in them. Skipping unneeded JARs during scanning can improve startup time and JSP compilation time.
2023-12-07 00:45:10 INFO Initializing Spring embedded WebApplicationContext
2023-12-07 00:45:10 INFO Root WebApplicationContext: initialization completed in 539 ms
2023-12-07 00:45:10 INFO HHH000204: Processing PersistenceUnitInfo [name: default]
2023-12-07 00:45:10 INFO HHH000412: Hibernate ORM core version 6.3.1.Final
2023-12-07 00:45:10 INFO HHH000026: Second-level cache disabled
2023-12-07 00:45:10 INFO No LoadTimeWeaver setup: ignoring JPA class transformer
2023-12-07 00:45:10 INFO HikariPool-1 - Starting...
2023-12-07 00:45:10 INFO HikariPool-1 - Added connection com.mysql.cj.jdbc.ConnectionImpl@632d4cf2
2023-12-07 00:45:10 INFO HikariPool-1 - Start completed.
2023-12-07 00:45:10 WARN HHH000339: Could not obtain connection metadata: java.sql.SQLSyntaxErrorException: Unknown column 'RESERVED' in 'where clause'
2023-12-07 00:45:10 WARN HHH90000025: MySQL8Dialect does not need to be specified explicitly using 'hibernate.dialect' (remove the property setting and it will be selected by default)
2023-12-07 00:45:10 WARN HHH90000026: MySQL8Dialect has been deprecated; use org.hibernate.dialect.MySQLDialect instead
2023-12-07 00:45:11 INFO HHH000489: No JTA platform available (set 'hibernate.transaction.jta.platform' to enable JTA platform integration)
2023-12-07 00:45:11 INFO Initialized JPA EntityManagerFactory for persistence unit 'default'
2023-12-07 00:45:11 INFO Hibernate is in classpath; If applicable, HQL parser will be used.
2023-12-07 00:45:11 WARN spring.jpa.open-in-view is enabled by default. Therefore, database queries may be performed during view rendering. Explicitly configure spring.jpa.open-in-view to disable this warning
2023-12-07 00:45:11 INFO Starting ProtocolHandler ["http-nio-8080"]
2023-12-07 00:45:11 INFO Tomcat started on port 8080 (http) with context path ''
2023-12-07 00:45:11 INFO Started CommonApplication in 2.031 seconds (process running for 2.362)
2023-12-07 00:45:16 INFO Initializing Spring DispatcherServlet 'dispatcherServlet'
2023-12-07 00:45:16 INFO Initializing Servlet 'dispatcherServlet'
2023-12-07 00:45:16 INFO Completed initialization in 0 ms
2023-12-07 00:45:52 INFO Could not detect default configuration classes for test class [com.mbxvoid.common.CommonApplicationTests]: CommonApplicationTests does not declare any static, non-private, non-final, nested classes annotated with @Configuration.
2023-12-07 00:45:52 INFO Found @SpringBootConfiguration com.mbxvoid.CommonApplication for test class com.mbxvoid.common.CommonApplicationTests
2023-12-07 00:45:53 INFO Starting CommonApplicationTests using Java 19.0.2 with PID 68116 (started by ikyoungtae in /Users/ikyoungtae/git/spring-boot-mbxvoid-admin)
2023-12-07 00:45:53 INFO No active profile set, falling back to 1 default profile: "default"
2023-12-07 00:45:53 INFO Bootstrapping Spring Data JPA repositories in DEFAULT mode.
2023-12-07 00:45:53 INFO Finished Spring Data repository scanning in 18 ms. Found 3 JPA repository interfaces.
2023-12-07 00:45:53 INFO HHH000204: Processing PersistenceUnitInfo [name: default]
2023-12-07 00:45:53 INFO HHH000412: Hibernate ORM core version 6.3.1.Final
2023-12-07 00:45:53 INFO HHH000026: Second-level cache disabled
2023-12-07 00:45:53 INFO No LoadTimeWeaver setup: ignoring JPA class transformer
2023-12-07 00:45:53 INFO HikariPool-1 - Starting...
2023-12-07 00:45:53 INFO HikariPool-1 - Added connection com.mysql.cj.jdbc.ConnectionImpl@5db9f51f
2023-12-07 00:45:53 INFO HikariPool-1 - Start completed.
2023-12-07 00:45:53 WARN HHH000339: Could not obtain connection metadata: java.sql.SQLSyntaxErrorException: Unknown column 'RESERVED' in 'where clause'
2023-12-07 00:45:53 WARN HHH90000025: MySQL8Dialect does not need to be specified explicitly using 'hibernate.dialect' (remove the property setting and it will be selected by default)
2023-12-07 00:45:53 WARN HHH90000026: MySQL8Dialect has been deprecated; use org.hibernate.dialect.MySQLDialect instead
2023-12-07 00:45:54 INFO HHH000489: No JTA platform available (set 'hibernate.transaction.jta.platform' to enable JTA platform integration)
2023-12-07 00:45:54 INFO Initialized JPA EntityManagerFactory for persistence unit 'default'
2023-12-07 00:45:54 INFO Hibernate is in classpath; If applicable, HQL parser will be used.
2023-12-07 00:45:54 WARN spring.jpa.open-in-view is enabled by default. Therefore, database queries may be performed during view rendering. Explicitly configure spring.jpa.open-in-view to disable this warning
2023-12-07 00:45:54 INFO Started CommonApplicationTests in 1.642 seconds (process running for 2.125)
2023-12-07 00:45:54 INFO Closing JPA EntityManagerFactory for persistence unit 'default'
2023-12-07 00:45:54 INFO HikariPool-1 - Shutdown initiated...
2023-12-07 00:45:54 INFO HikariPool-1 - Shutdown completed.
2023-12-07 01:36:57 INFO Could not detect default configuration classes for test class [com.mbxvoid.common.CommonApplicationTests]: CommonApplicationTests does not declare any static, non-private, non-final, nested classes annotated with @Configuration.
2023-12-07 01:36:57 INFO Found @SpringBootConfiguration com.mbxvoid.CommonApplication for test class com.mbxvoid.common.CommonApplicationTests
2023-12-07 01:36:58 INFO Starting CommonApplicationTests using Java 19.0.2 with PID 82445 (started by ikyoungtae in /Users/ikyoungtae/git/spring-boot-mbxvoid-admin)
2023-12-07 01:36:58 INFO No active profile set, falling back to 1 default profile: "default"
2023-12-07 01:36:58 INFO Bootstrapping Spring Data JPA repositories in DEFAULT mode.
2023-12-07 01:36:58 INFO Finished Spring Data repository scanning in 24 ms. Found 3 JPA repository interfaces.
2023-12-07 01:36:58 INFO HHH000204: Processing PersistenceUnitInfo [name: default]
2023-12-07 01:36:58 INFO HHH000412: Hibernate ORM core version 6.3.1.Final
2023-12-07 01:36:58 INFO HHH000026: Second-level cache disabled
2023-12-07 01:36:58 INFO No LoadTimeWeaver setup: ignoring JPA class transformer
2023-12-07 01:36:58 INFO HikariPool-1 - Starting...
2023-12-07 01:36:58 INFO HikariPool-1 - Added connection com.mysql.cj.jdbc.ConnectionImpl@429e7914
2023-12-07 01:36:58 INFO HikariPool-1 - Start completed.
2023-12-07 01:36:58 WARN HHH000339: Could not obtain connection metadata: java.sql.SQLSyntaxErrorException: Unknown column 'RESERVED' in 'where clause'
2023-12-07 01:36:58 WARN HHH90000025: MySQL8Dialect does not need to be specified explicitly using 'hibernate.dialect' (remove the property setting and it will be selected by default)
2023-12-07 01:36:58 WARN HHH90000026: MySQL8Dialect has been deprecated; use org.hibernate.dialect.MySQLDialect instead
2023-12-07 01:36:59 INFO HHH000489: No JTA platform available (set 'hibernate.transaction.jta.platform' to enable JTA platform integration)
2023-12-07 01:36:59 INFO Initialized JPA EntityManagerFactory for persistence unit 'default'
2023-12-07 01:36:59 INFO Hibernate is in classpath; If applicable, HQL parser will be used.
2023-12-07 01:36:59 WARN spring.jpa.open-in-view is enabled by default. Therefore, database queries may be performed during view rendering. Explicitly configure spring.jpa.open-in-view to disable this warning
2023-12-07 01:36:59 INFO Started CommonApplicationTests in 1.798 seconds (process running for 2.332)
2023-12-07 01:37:00 INFO Closing JPA EntityManagerFactory for persistence unit 'default'
2023-12-07 01:37:00 INFO HikariPool-1 - Shutdown initiated...
2023-12-07 01:37:00 INFO HikariPool-1 - Shutdown completed.
2023-12-07 01:53:27 INFO Closing JPA EntityManagerFactory for persistence unit 'default'
2023-12-07 01:53:27 INFO HikariPool-1 - Shutdown initiated...
2023-12-07 01:53:27 INFO HikariPool-1 - Shutdown completed.
2023-12-07 01:53:29 INFO Starting CommonApplication using Java 19.0.2 with PID 86807 (/Users/ikyoungtae/git/spring-boot-mbxvoid-admin/target/classes started by ikyoungtae in /Users/ikyoungtae/git/spring-boot-mbxvoid-admin)
2023-12-07 01:53:29 INFO No active profile set, falling back to 1 default profile: "default"
2023-12-07 01:53:29 INFO Bootstrapping Spring Data JPA repositories in DEFAULT mode.
2023-12-07 01:53:29 INFO Finished Spring Data repository scanning in 29 ms. Found 3 JPA repository interfaces.
2023-12-07 01:53:29 INFO Tomcat initialized with port 8080 (http)
2023-12-07 01:53:29 INFO Initializing ProtocolHandler ["http-nio-8080"]
2023-12-07 01:53:29 INFO Starting service [Tomcat]
2023-12-07 01:53:29 INFO Starting Servlet engine: [Apache Tomcat/10.1.16]
2023-12-07 01:53:29 INFO At least one JAR was scanned for TLDs yet contained no TLDs. Enable debug logging for this logger for a complete list of JARs that were scanned but no TLDs were found in them. Skipping unneeded JARs during scanning can improve startup time and JSP compilation time.
2023-12-07 01:53:29 INFO Initializing Spring embedded WebApplicationContext
2023-12-07 01:53:29 INFO Root WebApplicationContext: initialization completed in 568 ms
2023-12-07 01:53:30 INFO HHH000204: Processing PersistenceUnitInfo [name: default]
2023-12-07 01:53:30 INFO HHH000412: Hibernate ORM core version 6.3.1.Final
2023-12-07 01:53:30 INFO HHH000026: Second-level cache disabled
2023-12-07 01:53:30 INFO No LoadTimeWeaver setup: ignoring JPA class transformer
2023-12-07 01:53:30 INFO HikariPool-1 - Starting...
2023-12-07 01:53:30 INFO HikariPool-1 - Added connection com.mysql.cj.jdbc.ConnectionImpl@1dca62c2
2023-12-07 01:53:30 INFO HikariPool-1 - Start completed.
2023-12-07 01:53:30 WARN HHH000339: Could not obtain connection metadata: java.sql.SQLSyntaxErrorException: Unknown column 'RESERVED' in 'where clause'
2023-12-07 01:53:30 WARN HHH90000025: MySQL8Dialect does not need to be specified explicitly using 'hibernate.dialect' (remove the property setting and it will be selected by default)
2023-12-07 01:53:30 WARN HHH90000026: MySQL8Dialect has been deprecated; use org.hibernate.dialect.MySQLDialect instead
2023-12-07 01:53:30 INFO HHH000489: No JTA platform available (set 'hibernate.transaction.jta.platform' to enable JTA platform integration)
2023-12-07 01:53:30 INFO Initialized JPA EntityManagerFactory for persistence unit 'default'
2023-12-07 01:53:30 INFO Hibernate is in classpath; If applicable, HQL parser will be used.
2023-12-07 01:53:31 WARN spring.jpa.open-in-view is enabled by default. Therefore, database queries may be performed during view rendering. Explicitly configure spring.jpa.open-in-view to disable this warning
2023-12-07 01:53:31 INFO Starting ProtocolHandler ["http-nio-8080"]
2023-12-07 01:53:31 INFO Tomcat started on port 8080 (http) with context path ''
2023-12-07 01:53:31 INFO Started CommonApplication in 1.927 seconds (process running for 2.293)
2023-12-07 01:53:40 INFO Initializing Spring DispatcherServlet 'dispatcherServlet'
2023-12-07 01:53:40 INFO Initializing Servlet 'dispatcherServlet'
2023-12-07 01:53:40 INFO Completed initialization in 0 ms
2023-12-07 01:54:26 INFO Closing JPA EntityManagerFactory for persistence unit 'default'
2023-12-07 01:54:26 INFO HikariPool-1 - Shutdown initiated...
2023-12-07 01:54:26 INFO HikariPool-1 - Shutdown completed.
2023-12-07 01:54:30 INFO Starting CommonApplication using Java 19.0.2 with PID 87060 (/Users/ikyoungtae/git/spring-boot-mbxvoid-admin/target/classes started by ikyoungtae in /Users/ikyoungtae/git/spring-boot-mbxvoid-admin)
2023-12-07 01:54:30 INFO No active profile set, falling back to 1 default profile: "default"
2023-12-07 01:54:31 INFO Bootstrapping Spring Data JPA repositories in DEFAULT mode.
2023-12-07 01:54:31 INFO Finished Spring Data repository scanning in 29 ms. Found 3 JPA repository interfaces.
2023-12-07 01:54:31 INFO Tomcat initialized with port 8080 (http)
2023-12-07 01:54:31 INFO Initializing ProtocolHandler ["http-nio-8080"]
2023-12-07 01:54:31 INFO Starting service [Tomcat]
2023-12-07 01:54:31 INFO Starting Servlet engine: [Apache Tomcat/10.1.16]
2023-12-07 01:54:31 INFO At least one JAR was scanned for TLDs yet contained no TLDs. Enable debug logging for this logger for a complete list of JARs that were scanned but no TLDs were found in them. Skipping unneeded JARs during scanning can improve startup time and JSP compilation time.
2023-12-07 01:54:31 INFO Initializing Spring embedded WebApplicationContext
2023-12-07 01:54:31 INFO Root WebApplicationContext: initialization completed in 589 ms
2023-12-07 01:54:31 INFO HHH000204: Processing PersistenceUnitInfo [name: default]
2023-12-07 01:54:31 INFO HHH000412: Hibernate ORM core version 6.3.1.Final
2023-12-07 01:54:31 INFO HHH000026: Second-level cache disabled
2023-12-07 01:54:31 INFO No LoadTimeWeaver setup: ignoring JPA class transformer
2023-12-07 01:54:31 INFO HikariPool-1 - Starting...
2023-12-07 01:54:32 INFO HikariPool-1 - Added connection com.mysql.cj.jdbc.ConnectionImpl@52657d5f
2023-12-07 01:54:32 INFO HikariPool-1 - Start completed.
2023-12-07 01:54:32 WARN HHH000339: Could not obtain connection metadata: java.sql.SQLSyntaxErrorException: Unknown column 'RESERVED' in 'where clause'
2023-12-07 01:54:32 WARN HHH90000025: MySQL8Dialect does not need to be specified explicitly using 'hibernate.dialect' (remove the property setting and it will be selected by default)
2023-12-07 01:54:32 WARN HHH90000026: MySQL8Dialect has been deprecated; use org.hibernate.dialect.MySQLDialect instead
2023-12-07 01:54:32 INFO HHH000489: No JTA platform available (set 'hibernate.transaction.jta.platform' to enable JTA platform integration)
2023-12-07 01:54:32 INFO Initialized JPA EntityManagerFactory for persistence unit 'default'
2023-12-07 01:54:32 INFO Hibernate is in classpath; If applicable, HQL parser will be used.
2023-12-07 01:54:32 WARN spring.jpa.open-in-view is enabled by default. Therefore, database queries may be performed during view rendering. Explicitly configure spring.jpa.open-in-view to disable this warning
2023-12-07 01:54:32 INFO Starting ProtocolHandler ["http-nio-8080"]
2023-12-07 01:54:32 INFO Tomcat started on port 8080 (http) with context path ''
2023-12-07 01:54:32 INFO Started CommonApplication in 2.196 seconds (process running for 2.546)
2023-12-07 01:54:47 INFO Initializing Spring DispatcherServlet 'dispatcherServlet'
2023-12-07 01:54:47 INFO Initializing Servlet 'dispatcherServlet'
2023-12-07 01:54:47 INFO Completed initialization in 1 ms
2023-12-07 01:55:28 INFO Could not detect default configuration classes for test class [com.mbxvoid.common.CommonApplicationTests]: CommonApplicationTests does not declare any static, non-private, non-final, nested classes annotated with @Configuration.
2023-12-07 01:55:29 INFO Found @SpringBootConfiguration com.mbxvoid.CommonApplication for test class com.mbxvoid.common.CommonApplicationTests
2023-12-07 01:55:29 INFO Starting CommonApplicationTests using Java 19.0.2 with PID 87361 (started by ikyoungtae in /Users/ikyoungtae/git/spring-boot-mbxvoid-admin)
2023-12-07 01:55:29 INFO No active profile set, falling back to 1 default profile: "default"
2023-12-07 01:55:29 INFO Bootstrapping Spring Data JPA repositories in DEFAULT mode.
2023-12-07 01:55:29 INFO Finished Spring Data repository scanning in 21 ms. Found 3 JPA repository interfaces.
2023-12-07 01:55:29 INFO HHH000204: Processing PersistenceUnitInfo [name: default]
2023-12-07 01:55:29 INFO HHH000412: Hibernate ORM core version 6.3.1.Final
2023-12-07 01:55:29 INFO HHH000026: Second-level cache disabled
2023-12-07 01:55:29 INFO No LoadTimeWeaver setup: ignoring JPA class transformer
2023-12-07 01:55:29 INFO HikariPool-1 - Starting...
2023-12-07 01:55:29 INFO HikariPool-1 - Added connection com.mysql.cj.jdbc.ConnectionImpl@101c15ad
2023-12-07 01:55:29 INFO HikariPool-1 - Start completed.
2023-12-07 01:55:29 WARN HHH000339: Could not obtain connection metadata: java.sql.SQLSyntaxErrorException: Unknown column 'RESERVED' in 'where clause'
2023-12-07 01:55:29 WARN HHH90000025: MySQL8Dialect does not need to be specified explicitly using 'hibernate.dialect' (remove the property setting and it will be selected by default)
2023-12-07 01:55:29 WARN HHH90000026: MySQL8Dialect has been deprecated; use org.hibernate.dialect.MySQLDialect instead
2023-12-07 01:55:30 INFO HHH000489: No JTA platform available (set 'hibernate.transaction.jta.platform' to enable JTA platform integration)
2023-12-07 01:55:30 INFO Initialized JPA EntityManagerFactory for persistence unit 'default'
2023-12-07 01:55:30 INFO Hibernate is in classpath; If applicable, HQL parser will be used.
2023-12-07 01:55:30 WARN spring.jpa.open-in-view is enabled by default. Therefore, database queries may be performed during view rendering. Explicitly configure spring.jpa.open-in-view to disable this warning
2023-12-07 01:55:30 INFO Started CommonApplicationTests in 1.696 seconds (process running for 2.219)
2023-12-07 01:55:31 INFO Closing JPA EntityManagerFactory for persistence unit 'default'
2023-12-07 01:55:31 INFO HikariPool-1 - Shutdown initiated...
2023-12-07 01:55:31 INFO HikariPool-1 - Shutdown completed.
2023-12-07 02:04:17 INFO Closing JPA EntityManagerFactory for persistence unit 'default'
2023-12-07 02:04:17 INFO HikariPool-1 - Shutdown initiated...
2023-12-07 02:04:17 INFO HikariPool-1 - Shutdown completed.
2023-12-07 02:04:21 INFO Starting CommonApplication using Java 19.0.2 with PID 89683 (/Users/ikyoungtae/git/spring-boot-mbxvoid-admin/target/classes started by ikyoungtae in /Users/ikyoungtae/git/spring-boot-mbxvoid-admin)
2023-12-07 02:04:21 INFO No active profile set, falling back to 1 default profile: "default"
2023-12-07 02:04:22 INFO Bootstrapping Spring Data JPA repositories in DEFAULT mode.
2023-12-07 02:04:22 INFO Finished Spring Data repository scanning in 28 ms. Found 3 JPA repository interfaces.
2023-12-07 02:04:22 INFO Tomcat initialized with port 8080 (http)
2023-12-07 02:04:22 INFO Initializing ProtocolHandler ["http-nio-8080"]
2023-12-07 02:04:22 INFO Starting service [Tomcat]
2023-12-07 02:04:22 INFO Starting Servlet engine: [Apache Tomcat/10.1.16]
2023-12-07 02:04:22 INFO At least one JAR was scanned for TLDs yet contained no TLDs. Enable debug logging for this logger for a complete list of JARs that were scanned but no TLDs were found in them. Skipping unneeded JARs during scanning can improve startup time and JSP compilation time.
2023-12-07 02:04:22 INFO Initializing Spring embedded WebApplicationContext
2023-12-07 02:04:22 INFO Root WebApplicationContext: initialization completed in 576 ms
2023-12-07 02:04:22 INFO HHH000204: Processing PersistenceUnitInfo [name: default]
2023-12-07 02:04:22 INFO HHH000412: Hibernate ORM core version 6.3.1.Final
2023-12-07 02:04:22 INFO HHH000026: Second-level cache disabled
2023-12-07 02:04:22 INFO No LoadTimeWeaver setup: ignoring JPA class transformer
2023-12-07 02:04:22 INFO HikariPool-1 - Starting...
2023-12-07 02:04:23 INFO HikariPool-1 - Added connection com.mysql.cj.jdbc.ConnectionImpl@1dca62c2
2023-12-07 02:04:23 INFO HikariPool-1 - Start completed.
2023-12-07 02:04:23 WARN HHH000339: Could not obtain connection metadata: java.sql.SQLSyntaxErrorException: Unknown column 'RESERVED' in 'where clause'
2023-12-07 02:04:23 WARN HHH90000025: MySQL8Dialect does not need to be specified explicitly using 'hibernate.dialect' (remove the property setting and it will be selected by default)
2023-12-07 02:04:23 WARN HHH90000026: MySQL8Dialect has been deprecated; use org.hibernate.dialect.MySQLDialect instead
2023-12-07 02:04:23 INFO HHH000489: No JTA platform available (set 'hibernate.transaction.jta.platform' to enable JTA platform integration)
2023-12-07 02:04:23 INFO Initialized JPA EntityManagerFactory for persistence unit 'default'
2023-12-07 02:04:23 INFO Hibernate is in classpath; If applicable, HQL parser will be used.
2023-12-07 02:04:23 WARN spring.jpa.open-in-view is enabled by default. Therefore, database queries may be performed during view rendering. Explicitly configure spring.jpa.open-in-view to disable this warning
2023-12-07 02:04:23 INFO Starting ProtocolHandler ["http-nio-8080"]
2023-12-07 02:04:23 INFO Tomcat started on port 8080 (http) with context path ''
2023-12-07 02:04:23 INFO Started CommonApplication in 2.046 seconds (process running for 2.384)
2023-12-07 02:04:29 INFO Initializing Spring DispatcherServlet 'dispatcherServlet'
2023-12-07 02:04:29 INFO Initializing Servlet 'dispatcherServlet'
2023-12-07 02:04:29 INFO Completed initialization in 1 ms
2023-12-07 02:04:31 WARN Resolved [org.springframework.web.HttpRequestMethodNotSupportedException: Request method 'POST' is not supported]
2023-12-07 02:04:50 WARN Resolved [org.springframework.web.HttpRequestMethodNotSupportedException: Request method 'POST' is not supported]
2023-12-07 02:04:51 WARN Resolved [org.springframework.web.HttpRequestMethodNotSupportedException: Request method 'POST' is not supported]
2023-12-07 02:05:03 INFO Closing JPA EntityManagerFactory for persistence unit 'default'
2023-12-07 02:05:03 INFO HikariPool-1 - Shutdown initiated...
2023-12-07 02:05:03 INFO HikariPool-1 - Shutdown completed.
2023-12-07 02:05:04 INFO Starting CommonApplication using Java 19.0.2 with PID 89859 (/Users/ikyoungtae/git/spring-boot-mbxvoid-admin/target/classes started by ikyoungtae in /Users/ikyoungtae/git/spring-boot-mbxvoid-admin)
2023-12-07 02:05:04 INFO No active profile set, falling back to 1 default profile: "default"
2023-12-07 02:05:04 INFO Bootstrapping Spring Data JPA repositories in DEFAULT mode.
2023-12-07 02:05:04 INFO Finished Spring Data repository scanning in 32 ms. Found 3 JPA repository interfaces.
2023-12-07 02:05:04 INFO Tomcat initialized with port 8080 (http)
2023-12-07 02:05:04 INFO Initializing ProtocolHandler ["http-nio-8080"]
2023-12-07 02:05:04 INFO Starting service [Tomcat]
2023-12-07 02:05:04 INFO Starting Servlet engine: [Apache Tomcat/10.1.16]
2023-12-07 02:05:04 INFO At least one JAR was scanned for TLDs yet contained no TLDs. Enable debug logging for this logger for a complete list of JARs that were scanned but no TLDs were found in them. Skipping unneeded JARs during scanning can improve startup time and JSP compilation time.
2023-12-07 02:05:04 INFO Initializing Spring embedded WebApplicationContext
2023-12-07 02:05:04 INFO Root WebApplicationContext: initialization completed in 588 ms
2023-12-07 02:05:04 INFO HHH000204: Processing PersistenceUnitInfo [name: default]
2023-12-07 02:05:04 INFO HHH000412: Hibernate ORM core version 6.3.1.Final
2023-12-07 02:05:04 INFO HHH000026: Second-level cache disabled
2023-12-07 02:05:04 INFO No LoadTimeWeaver setup: ignoring JPA class transformer
2023-12-07 02:05:04 INFO HikariPool-1 - Starting...
2023-12-07 02:05:05 INFO HikariPool-1 - Added connection com.mysql.cj.jdbc.ConnectionImpl@1dca62c2
2023-12-07 02:05:05 INFO HikariPool-1 - Start completed.
2023-12-07 02:05:05 WARN HHH000339: Could not obtain connection metadata: java.sql.SQLSyntaxErrorException: Unknown column 'RESERVED' in 'where clause'
2023-12-07 02:05:05 WARN HHH90000025: MySQL8Dialect does not need to be specified explicitly using 'hibernate.dialect' (remove the property setting and it will be selected by default)
2023-12-07 02:05:05 WARN HHH90000026: MySQL8Dialect has been deprecated; use org.hibernate.dialect.MySQLDialect instead
2023-12-07 02:05:05 INFO HHH000489: No JTA platform available (set 'hibernate.transaction.jta.platform' to enable JTA platform integration)
2023-12-07 02:05:05 INFO Initialized JPA EntityManagerFactory for persistence unit 'default'
2023-12-07 02:05:05 INFO Hibernate is in classpath; If applicable, HQL parser will be used.
2023-12-07 02:05:05 WARN spring.jpa.open-in-view is enabled by default. Therefore, database queries may be performed during view rendering. Explicitly configure spring.jpa.open-in-view to disable this warning
2023-12-07 02:05:05 INFO Starting ProtocolHandler ["http-nio-8080"]
2023-12-07 02:05:05 INFO Tomcat started on port 8080 (http) with context path ''
2023-12-07 02:05:05 INFO Started CommonApplication in 1.924 seconds (process running for 2.263)
2023-12-07 02:05:10 INFO Initializing Spring DispatcherServlet 'dispatcherServlet'
2023-12-07 02:05:10 INFO Initializing Servlet 'dispatcherServlet'
2023-12-07 02:05:10 INFO Completed initialization in 0 ms
2023-12-07 02:05:11 WARN Resolved [org.springframework.web.HttpRequestMethodNotSupportedException: Request method 'POST' is not supported]
2023-12-07 02:07:21 INFO Closing JPA EntityManagerFactory for persistence unit 'default'
2023-12-07 02:07:21 INFO HikariPool-1 - Shutdown initiated...
2023-12-07 02:07:21 INFO HikariPool-1 - Shutdown completed.
2023-12-07 02:07:22 INFO Starting CommonApplication using Java 19.0.2 with PID 90443 (/Users/ikyoungtae/git/spring-boot-mbxvoid-admin/target/classes started by ikyoungtae in /Users/ikyoungtae/git/spring-boot-mbxvoid-admin)
2023-12-07 02:07:22 INFO No active profile set, falling back to 1 default profile: "default"
2023-12-07 02:07:22 INFO Bootstrapping Spring Data JPA repositories in DEFAULT mode.
2023-12-07 02:07:22 INFO Finished Spring Data repository scanning in 25 ms. Found 3 JPA repository interfaces.
2023-12-07 02:07:22 INFO Tomcat initialized with port 8080 (http)
2023-12-07 02:07:22 INFO Initializing ProtocolHandler ["http-nio-8080"]
2023-12-07 02:07:22 INFO Starting service [Tomcat]
2023-12-07 02:07:22 INFO Starting Servlet engine: [Apache Tomcat/10.1.16]
2023-12-07 02:07:22 INFO At least one JAR was scanned for TLDs yet contained no TLDs. Enable debug logging for this logger for a complete list of JARs that were scanned but no TLDs were found in them. Skipping unneeded JARs during scanning can improve startup time and JSP compilation time.
2023-12-07 02:07:22 INFO Initializing Spring embedded WebApplicationContext
2023-12-07 02:07:22 INFO Root WebApplicationContext: initialization completed in 570 ms
2023-12-07 02:07:23 INFO HHH000204: Processing PersistenceUnitInfo [name: default]
2023-12-07 02:07:23 INFO HHH000412: Hibernate ORM core version 6.3.1.Final
2023-12-07 02:07:23 INFO HHH000026: Second-level cache disabled
2023-12-07 02:07:23 INFO No LoadTimeWeaver setup: ignoring JPA class transformer
2023-12-07 02:07:23 INFO HikariPool-1 - Starting...
2023-12-07 02:07:23 INFO HikariPool-1 - Added connection com.mysql.cj.jdbc.ConnectionImpl@52657d5f
2023-12-07 02:07:23 INFO HikariPool-1 - Start completed.
2023-12-07 02:07:23 WARN HHH000339: Could not obtain connection metadata: java.sql.SQLSyntaxErrorException: Unknown column 'RESERVED' in 'where clause'
2023-12-07 02:07:23 WARN HHH90000025: MySQL8Dialect does not need to be specified explicitly using 'hibernate.dialect' (remove the property setting and it will be selected by default)
2023-12-07 02:07:23 WARN HHH90000026: MySQL8Dialect has been deprecated; use org.hibernate.dialect.MySQLDialect instead
2023-12-07 02:07:23 INFO HHH000489: No JTA platform available (set 'hibernate.transaction.jta.platform' to enable JTA platform integration)
2023-12-07 02:07:23 INFO Initialized JPA EntityManagerFactory for persistence unit 'default'
2023-12-07 02:07:23 INFO Hibernate is in classpath; If applicable, HQL parser will be used.
2023-12-07 02:07:24 WARN spring.jpa.open-in-view is enabled by default. Therefore, database queries may be performed during view rendering. Explicitly configure spring.jpa.open-in-view to disable this warning
2023-12-07 02:07:24 INFO Starting ProtocolHandler ["http-nio-8080"]
2023-12-07 02:07:24 INFO Tomcat started on port 8080 (http) with context path ''
2023-12-07 02:07:24 INFO Started CommonApplication in 1.959 seconds (process running for 2.289)
2023-12-07 02:07:33 INFO Initializing Spring DispatcherServlet 'dispatcherServlet'
2023-12-07 02:07:33 INFO Initializing Servlet 'dispatcherServlet'
2023-12-07 02:07:33 INFO Completed initialization in 1 ms
2023-12-07 02:07:53 INFO Could not detect default configuration classes for test class [com.mbxvoid.common.CommonApplicationTests]: CommonApplicationTests does not declare any static, non-private, non-final, nested classes annotated with @Configuration.
2023-12-07 02:07:53 INFO Found @SpringBootConfiguration com.mbxvoid.CommonApplication for test class com.mbxvoid.common.CommonApplicationTests
2023-12-07 02:07:53 INFO Starting CommonApplicationTests using Java 19.0.2 with PID 90606 (started by ikyoungtae in /Users/ikyoungtae/git/spring-boot-mbxvoid-admin)
2023-12-07 02:07:53 INFO No active profile set, falling back to 1 default profile: "default"
2023-12-07 02:07:53 INFO Bootstrapping Spring Data JPA repositories in DEFAULT mode.
2023-12-07 02:07:53 INFO Finished Spring Data repository scanning in 19 ms. Found 3 JPA repository interfaces.
2023-12-07 02:07:53 INFO HHH000204: Processing PersistenceUnitInfo [name: default]
2023-12-07 02:07:53 INFO HHH000412: Hibernate ORM core version 6.3.1.Final
2023-12-07 02:07:53 INFO HHH000026: Second-level cache disabled
2023-12-07 02:07:53 INFO No LoadTimeWeaver setup: ignoring JPA class transformer
2023-12-07 02:07:53 INFO HikariPool-1 - Starting...
2023-12-07 02:07:54 INFO HikariPool-1 - Added connection com.mysql.cj.jdbc.ConnectionImpl@7417ef4f
2023-12-07 02:07:54 INFO HikariPool-1 - Start completed.
2023-12-07 02:07:54 WARN HHH000339: Could not obtain connection metadata: java.sql.SQLSyntaxErrorException: Unknown column 'RESERVED' in 'where clause'
2023-12-07 02:07:54 WARN HHH90000025: MySQL8Dialect does not need to be specified explicitly using 'hibernate.dialect' (remove the property setting and it will be selected by default)
2023-12-07 02:07:54 WARN HHH90000026: MySQL8Dialect has been deprecated; use org.hibernate.dialect.MySQLDialect instead
2023-12-07 02:07:54 INFO HHH000489: No JTA platform available (set 'hibernate.transaction.jta.platform' to enable JTA platform integration)
2023-12-07 02:07:54 INFO Initialized JPA EntityManagerFactory for persistence unit 'default'
2023-12-07 02:07:54 INFO Hibernate is in classpath; If applicable, HQL parser will be used.
2023-12-07 02:07:54 WARN spring.jpa.open-in-view is enabled by default. Therefore, database queries may be performed during view rendering. Explicitly configure spring.jpa.open-in-view to disable this warning
2023-12-07 02:07:55 INFO Started CommonApplicationTests in 2.011 seconds (process running for 2.524)
2023-12-07 02:07:55 INFO Closing JPA EntityManagerFactory for persistence unit 'default'
2023-12-07 02:07:55 INFO HikariPool-1 - Shutdown initiated...
2023-12-07 02:07:55 INFO HikariPool-1 - Shutdown completed.
2023-12-07 02:16:51 INFO Closing JPA EntityManagerFactory for persistence unit 'default'
2023-12-07 02:16:51 INFO HikariPool-1 - Shutdown initiated...
2023-12-07 02:16:51 INFO HikariPool-1 - Shutdown completed.
2023-12-07 02:16:52 INFO Starting CommonApplication using Java 19.0.2 with PID 92972 (/Users/ikyoungtae/git/spring-boot-mbxvoid-admin/target/classes started by ikyoungtae in /Users/ikyoungtae/git/spring-boot-mbxvoid-admin)
2023-12-07 02:16:52 INFO No active profile set, falling back to 1 default profile: "default"
2023-12-07 02:16:52 INFO Bootstrapping Spring Data JPA repositories in DEFAULT mode.
2023-12-07 02:16:52 INFO Finished Spring Data repository scanning in 25 ms. Found 3 JPA repository interfaces.
2023-12-07 02:16:53 INFO Tomcat initialized with port 8080 (http)
2023-12-07 02:16:53 INFO Initializing ProtocolHandler ["http-nio-8080"]
2023-12-07 02:16:53 INFO Starting service [Tomcat]
2023-12-07 02:16:53 INFO Starting Servlet engine: [Apache Tomcat/10.1.16]
2023-12-07 02:16:53 INFO At least one JAR was scanned for TLDs yet contained no TLDs. Enable debug logging for this logger for a complete list of JARs that were scanned but no TLDs were found in them. Skipping unneeded JARs during scanning can improve startup time and JSP compilation time.
2023-12-07 02:16:53 INFO Initializing Spring embedded WebApplicationContext
2023-12-07 02:16:53 INFO Root WebApplicationContext: initialization completed in 579 ms
2023-12-07 02:16:53 INFO HHH000204: Processing PersistenceUnitInfo [name: default]
2023-12-07 02:16:53 INFO HHH000412: Hibernate ORM core version 6.3.1.Final
2023-12-07 02:16:53 INFO HHH000026: Second-level cache disabled
2023-12-07 02:16:53 INFO No LoadTimeWeaver setup: ignoring JPA class transformer
2023-12-07 02:16:53 INFO HikariPool-1 - Starting...
2023-12-07 02:16:53 INFO HikariPool-1 - Added connection com.mysql.cj.jdbc.ConnectionImpl@1dca62c2
2023-12-07 02:16:53 INFO HikariPool-1 - Start completed.
2023-12-07 02:16:53 WARN HHH000339: Could not obtain connection metadata: java.sql.SQLSyntaxErrorException: Unknown column 'RESERVED' in 'where clause'
2023-12-07 02:16:53 WARN HHH90000025: MySQL8Dialect does not need to be specified explicitly using 'hibernate.dialect' (remove the property setting and it will be selected by default)
2023-12-07 02:16:53 WARN HHH90000026: MySQL8Dialect has been deprecated; use org.hibernate.dialect.MySQLDialect instead
2023-12-07 02:16:54 INFO HHH000489: No JTA platform available (set 'hibernate.transaction.jta.platform' to enable JTA platform integration)
2023-12-07 02:16:54 INFO Initialized JPA EntityManagerFactory for persistence unit 'default'
2023-12-07 02:16:54 INFO Hibernate is in classpath; If applicable, HQL parser will be used.
2023-12-07 02:16:54 WARN spring.jpa.open-in-view is enabled by default. Therefore, database queries may be performed during view rendering. Explicitly configure spring.jpa.open-in-view to disable this warning
2023-12-07 02:16:54 INFO Tomcat started on port 8080 (http) with context path ''
2023-12-07 02:16:54 INFO Started CommonApplication in 2.001 seconds (process running for 2.341)
2023-12-07 02:16:54 INFO Closing JPA EntityManagerFactory for persistence unit 'default'
2023-12-07 02:16:54 INFO HikariPool-1 - Shutdown initiated...
2023-12-07 02:16:54 INFO HikariPool-1 - Shutdown completed.
2023-12-07 02:16:56 INFO Starting CommonApplication using Java 19.0.2 with PID 92986 (/Users/ikyoungtae/git/spring-boot-mbxvoid-admin/target/classes started by ikyoungtae in /Users/ikyoungtae/git/spring-boot-mbxvoid-admin)
2023-12-07 02:16:56 INFO No active profile set, falling back to 1 default profile: "default"
2023-12-07 02:16:56 INFO Bootstrapping Spring Data JPA repositories in DEFAULT mode.
2023-12-07 02:16:56 INFO Finished Spring Data repository scanning in 21 ms. Found 3 JPA repository interfaces.
2023-12-07 02:16:57 INFO Tomcat initialized with port 8080 (http)
2023-12-07 02:16:57 INFO Initializing ProtocolHandler ["http-nio-8080"]
2023-12-07 02:16:57 INFO Starting service [Tomcat]
2023-12-07 02:16:57 INFO Starting Servlet engine: [Apache Tomcat/10.1.16]
2023-12-07 02:16:57 INFO At least one JAR was scanned for TLDs yet contained no TLDs. Enable debug logging for this logger for a complete list of JARs that were scanned but no TLDs were found in them. Skipping unneeded JARs during scanning can improve startup time and JSP compilation time.
2023-12-07 02:16:57 INFO Initializing Spring embedded WebApplicationContext
2023-12-07 02:16:57 INFO Root WebApplicationContext: initialization completed in 497 ms
2023-12-07 02:16:57 INFO HHH000204: Processing PersistenceUnitInfo [name: default]
2023-12-07 02:16:57 INFO HHH000412: Hibernate ORM core version 6.3.1.Final
2023-12-07 02:16:57 INFO HHH000026: Second-level cache disabled
2023-12-07 02:16:57 INFO No LoadTimeWeaver setup: ignoring JPA class transformer
2023-12-07 02:16:57 INFO HikariPool-1 - Starting...
2023-12-07 02:16:57 INFO HikariPool-1 - Added connection com.mysql.cj.jdbc.ConnectionImpl@1dca62c2
2023-12-07 02:16:57 INFO HikariPool-1 - Start completed.
2023-12-07 02:16:57 WARN HHH000339: Could not obtain connection metadata: java.sql.SQLSyntaxErrorException: Unknown column 'RESERVED' in 'where clause'
2023-12-07 02:16:57 WARN HHH90000025: MySQL8Dialect does not need to be specified explicitly using 'hibernate.dialect' (remove the property setting and it will be selected by default)
2023-12-07 02:16:57 WARN HHH90000026: MySQL8Dialect has been deprecated; use org.hibernate.dialect.MySQLDialect instead
2023-12-07 02:16:57 INFO HHH000489: No JTA platform available (set 'hibernate.transaction.jta.platform' to enable JTA platform integration)
2023-12-07 02:16:57 INFO Initialized JPA EntityManagerFactory for persistence unit 'default'
2023-12-07 02:16:58 INFO Hibernate is in classpath; If applicable, HQL parser will be used.
2023-12-07 02:16:58 WARN spring.jpa.open-in-view is enabled by default. Therefore, database queries may be performed during view rendering. Explicitly configure spring.jpa.open-in-view to disable this warning
2023-12-07 02:16:58 INFO Starting ProtocolHandler ["http-nio-8080"]
2023-12-07 02:16:58 INFO Tomcat started on port 8080 (http) with context path ''
2023-12-07 02:16:58 INFO Started CommonApplication in 1.89 seconds (process running for 2.218)
2023-12-07 02:17:01 INFO Initializing Spring DispatcherServlet 'dispatcherServlet'
2023-12-07 02:17:01 INFO Initializing Servlet 'dispatcherServlet'
2023-12-07 02:17:01 INFO Completed initialization in 0 ms
2023-12-07 02:17:37 INFO Could not detect default configuration classes for test class [com.mbxvoid.common.CommonApplicationTests]: CommonApplicationTests does not declare any static, non-private, non-final, nested classes annotated with @Configuration.
2023-12-07 02:17:37 INFO Found @SpringBootConfiguration com.mbxvoid.CommonApplication for test class com.mbxvoid.common.CommonApplicationTests
2023-12-07 02:17:37 INFO Starting CommonApplicationTests using Java 19.0.2 with PID 93201 (started by ikyoungtae in /Users/ikyoungtae/git/spring-boot-mbxvoid-admin)
2023-12-07 02:17:37 INFO No active profile set, falling back to 1 default profile: "default"
2023-12-07 02:17:37 INFO Bootstrapping Spring Data JPA repositories in DEFAULT mode.
2023-12-07 02:17:37 INFO Finished Spring Data repository scanning in 21 ms. Found 3 JPA repository interfaces.
2023-12-07 02:17:38 INFO HHH000204: Processing PersistenceUnitInfo [name: default]
2023-12-07 02:17:38 INFO HHH000412: Hibernate ORM core version 6.3.1.Final
2023-12-07 02:17:38 INFO HHH000026: Second-level cache disabled
2023-12-07 02:17:38 INFO No LoadTimeWeaver setup: ignoring JPA class transformer
2023-12-07 02:17:38 INFO HikariPool-1 - Starting...
2023-12-07 02:17:38 INFO HikariPool-1 - Added connection com.mysql.cj.jdbc.ConnectionImpl@101c15ad
2023-12-07 02:17:38 INFO HikariPool-1 - Start completed.
2023-12-07 02:17:38 WARN HHH000339: Could not obtain connection metadata: java.sql.SQLSyntaxErrorException: Unknown column 'RESERVED' in 'where clause'
2023-12-07 02:17:38 WARN HHH90000025: MySQL8Dialect does not need to be specified explicitly using 'hibernate.dialect' (remove the property setting and it will be selected by default)
2023-12-07 02:17:38 WARN HHH90000026: MySQL8Dialect has been deprecated; use org.hibernate.dialect.MySQLDialect instead
2023-12-07 02:17:38 INFO HHH000489: No JTA platform available (set 'hibernate.transaction.jta.platform' to enable JTA platform integration)
2023-12-07 02:17:38 INFO Initialized JPA EntityManagerFactory for persistence unit 'default'
2023-12-07 02:17:38 INFO Hibernate is in classpath; If applicable, HQL parser will be used.
2023-12-07 02:17:39 WARN spring.jpa.open-in-view is enabled by default. Therefore, database queries may be performed during view rendering. Explicitly configure spring.jpa.open-in-view to disable this warning
2023-12-07 02:17:39 INFO Started CommonApplicationTests in 1.705 seconds (process running for 2.197)
2023-12-07 02:17:39 INFO Closing JPA EntityManagerFactory for persistence unit 'default'
2023-12-07 02:17:39 INFO HikariPool-1 - Shutdown initiated...
2023-12-07 02:17:39 INFO HikariPool-1 - Shutdown completed.
